VisioClient starting ...
Logging in to the server ...
Requesting information about device [2099236], object_type: analog-input from the server ...
Requesting information about device [2099236], object_type: analog-output from the server ...
Requesting information about device [2099236], object_type: analog-value from the server ...
Requesting information about device [2099236], object_type: binary-input from the server ...
Requesting information about device [2099236], object_type: binary-output from the server ...
Requesting information about device [2099236], object_type: binary-value from the server ...
Requesting information about device [2099236], object_type: multi-state-input from the server ...
Requesting information about device [2099236], object_type: multi-state-output from the server ...
Requesting information about device [2099236], object_type: multi-state-value from the server ...
Requesting information about device [2099232], object_type: analog-input from the server ...
Requesting information about device [2099232], object_type: analog-output from the server ...
Requesting information about device [2099232], object_type: analog-value from the server ...
Requesting information about device [2099232], object_type: binary-input from the server ...
Requesting information about device [2099232], object_type: binary-output from the server ...
Requesting information about device [2099232], object_type: binary-value from the server ...
Requesting information about device [2099232], object_type: multi-state-input from the server ...
Requesting information about device [2099232], object_type: multi-state-output from the server ...
Requesting information about device [2099232], object_type: multi-state-value from the server ...
Requesting information about device [2099235], object_type: analog-input from the server ...
Requesting information about device [2099235], object_type: analog-output from the server ...
Requesting information about device [2099235], object_type: analog-value from the server ...
Requesting information about device [2099235], object_type: binary-input from the server ...
Requesting information about device [2099235], object_type: binary-output from the server ...
Requesting information about device [2099235], object_type: binary-value from the server ...
Requesting information about device [2099235], object_type: multi-state-input from the server ...
Requesting information about device [2099235], object_type: multi-state-output from the server ...
Requesting information about device [2099235], object_type: multi-state-value from the server ...
Requesting information about device [2099237], object_type: analog-input from the server ...
Requesting information about device [2099237], object_type: analog-output from the server ...
Requesting information about device [2099237], object_type: analog-value from the server ...
Requesting information about device [2099237], object_type: binary-input from the server ...
Requesting information about device [2099237], object_type: binary-output from the server ...
Requesting information about device [2099237], object_type: binary-value from the server ...
Requesting information about device [2099237], object_type: multi-state-input from the server ...
Requesting information about device [2099237], object_type: multi-state-output from the server ...
Requesting information about device [2099237], object_type: multi-state-value from the server ...
Requesting information about device [2099233], object_type: analog-input from the server ...
Requesting information about device [2099233], object_type: analog-output from the server ...
Requesting information about device [2099233], object_type: analog-value from the server ...
Requesting information about device [2099233], object_type: binary-input from the server ...
Requesting information about device [2099233], object_type: binary-output from the server ...
Requesting information about device [2099233], object_type: binary-value from the server ...
Requesting information about device [2099233], object_type: multi-state-input from the server ...
Requesting information about device [2099233], object_type: multi-state-output from the server ...
Requesting information about device [2099233], object_type: multi-state-value from the server ...
Requesting information about device [2099234], object_type: analog-input from the server ...
Requesting information about device [2099234], object_type: analog-output from the server ...
Requesting information about device [2099234], object_type: analog-value from the server ...
Requesting information about device [2099234], object_type: binary-input from the server ...
Requesting information about device [2099234], object_type: binary-output from the server ...
Requesting information about device [2099234], object_type: binary-value from the server ...
Requesting information about device [2099234], object_type: multi-state-input from the server ...
Requesting information about device [2099234], object_type: multi-state-output from the server ...
Requesting information about device [2099234], object_type: multi-state-value from the server ...
Requesting information about device [4188474], object_type: analog-input from the server ...
Requesting information about device [4188474], object_type: analog-output from the server ...
Requesting information about device [4188474], object_type: analog-value from the server ...
Requesting information about device [4188474], object_type: binary-input from the server ...
Requesting information about device [4188474], object_type: binary-output from the server ...
Requesting information about device [4188474], object_type: binary-value from the server ...
Requesting information about device [4188474], object_type: multi-state-input from the server ...
Requesting information about device [4188474], object_type: multi-state-output from the server ...
Requesting information about device [4188474], object_type: multi-state-value from the server ...
Requesting information about device [2098210], object_type: analog-input from the server ...
Requesting information about device [2098210], object_type: analog-output from the server ...
Requesting information about device [2098210], object_type: analog-value from the server ...
Requesting information about device [2098210], object_type: binary-input from the server ...
Requesting information about device [2098210], object_type: binary-output from the server ...
Requesting information about device [2098210], object_type: binary-value from the server ...
Requesting information about device [2098210], object_type: multi-state-input from the server ...
Requesting information about device [2098210], object_type: multi-state-output from the server ...
Requesting information about device [2098210], object_type: multi-state-value from the server ...
Requesting information about device [100], object_type: analog-input from the server ...
Requesting information about device [100], object_type: analog-output from the server ...
Requesting information about device [100], object_type: analog-value from the server ...
Requesting information about device [100], object_type: binary-input from the server ...
Requesting information about device [100], object_type: binary-output from the server ...
Requesting information about device [100], object_type: binary-value from the server ...
Requesting information about device [100], object_type: multi-state-input from the server ...
Requesting information about device [100], object_type: multi-state-output from the server ...
Requesting information about device [100], object_type: multi-state-value from the server ...
Requesting information about device [101], object_type: analog-input from the server ...
Requesting information about device [101], object_type: analog-output from the server ...
Requesting information about device [101], object_type: analog-value from the server ...
Requesting information about device [101], object_type: binary-input from the server ...
Requesting information about device [101], object_type: binary-output from the server ...
Requesting information about device [101], object_type: binary-value from the server ...
Requesting information about device [101], object_type: multi-state-input from the server ...
Requesting information about device [101], object_type: multi-state-output from the server ...
Requesting information about device [101], object_type: multi-state-value from the server ...
Requesting information about device [2450001], object_type: analog-input from the server ...
Requesting information about device [2450001], object_type: analog-output from the server ...
Requesting information about device [2450001], object_type: analog-value from the server ...
Requesting information about device [2450001], object_type: binary-input from the server ...
Requesting information about device [2450001], object_type: binary-output from the server ...
Requesting information about device [2450001], object_type: binary-value from the server ...
Requesting information about device [2450001], object_type: multi-state-input from the server ...
Requesting information about device [2450001], object_type: multi-state-output from the server ...
Requesting information about device [2450001], object_type: multi-state-value from the server ...
Requesting information about device [2450002], object_type: analog-input from the server ...
Requesting information about device [2450002], object_type: analog-output from the server ...
Requesting information about device [2450002], object_type: analog-value from the server ...
Requesting information about device [2450002], object_type: binary-input from the server ...
Requesting information about device [2450002], object_type: binary-output from the server ...
Requesting information about device [2450002], object_type: binary-value from the server ...
Requesting information about device [2450002], object_type: multi-state-input from the server ...
Requesting information about device [2450002], object_type: multi-state-output from the server ...
Requesting information about device [2450002], object_type: multi-state-value from the server ...
Requesting information about device [2450003], object_type: analog-input from the server ...
Requesting information about device [2450003], object_type: analog-output from the server ...
Requesting information about device [2450003], object_type: analog-value from the server ...
Requesting information about device [2450003], object_type: binary-input from the server ...
Requesting information about device [2450003], object_type: binary-output from the server ...
Requesting information about device [2450003], object_type: binary-value from the server ...
Requesting information about device [2450003], object_type: multi-state-input from the server ...
Requesting information about device [2450003], object_type: multi-state-output from the server ...
Requesting information about device [2450003], object_type: multi-state-value from the server ...
Requesting information about device [2098213], object_type: analog-input from the server ...
Requesting information about device [2098213], object_type: analog-output from the server ...
Requesting information about device [2098213], object_type: analog-value from the server ...
Requesting information about device [2098213], object_type: binary-input from the server ...
Requesting information about device [2098213], object_type: binary-output from the server ...
Requesting information about device [2098213], object_type: binary-value from the server ...
Requesting information about device [2098213], object_type: multi-state-input from the server ...
Requesting information about device [2098213], object_type: multi-state-output from the server ...
Requesting information about device [2098213], object_type: multi-state-value from the server ...
Requesting information about device [2450016], object_type: analog-input from the server ...
Requesting information about device [2450016], object_type: analog-output from the server ...
Requesting information about device [2450016], object_type: analog-value from the server ...
Requesting information about device [2450016], object_type: binary-input from the server ...
Requesting information about device [2450016], object_type: binary-output from the server ...
Requesting information about device [2450016], object_type: binary-value from the server ...
Requesting information about device [2450016], object_type: multi-state-input from the server ...
Requesting information about device [2450016], object_type: multi-state-output from the server ...
Requesting information about device [2450016], object_type: multi-state-value from the server ...
Requesting information about device [2450015], object_type: analog-input from the server ...
Requesting information about device [2450015], object_type: analog-output from the server ...
Requesting information about device [2450015], object_type: analog-value from the server ...
Requesting information about device [2450015], object_type: binary-input from the server ...
Requesting information about device [2450015], object_type: binary-output from the server ...
Requesting information about device [2450015], object_type: binary-value from the server ...
Requesting information about device [2450015], object_type: multi-state-input from the server ...
Requesting information about device [2450015], object_type: multi-state-output from the server ...
Requesting information about device [2450015], object_type: multi-state-value from the server ...
Requesting information about device [2098211], object_type: analog-input from the server ...
Requesting information about device [2098211], object_type: analog-output from the server ...
Requesting information about device [2098211], object_type: analog-value from the server ...
Requesting information about device [2098211], object_type: binary-input from the server ...
Requesting information about device [2098211], object_type: binary-output from the server ...
Requesting information about device [2098211], object_type: binary-value from the server ...
Requesting information about device [2098211], object_type: multi-state-input from the server ...
Requesting information about device [2098211], object_type: multi-state-output from the server ...
Requesting information about device [2098211], object_type: multi-state-value from the server ...
Requesting information about device [2450012], object_type: analog-input from the server ...
Requesting information about device [2450012], object_type: analog-output from the server ...
Requesting information about device [2450012], object_type: analog-value from the server ...
Requesting information about device [2450012], object_type: binary-input from the server ...
Requesting information about device [2450012], object_type: binary-output from the server ...
Requesting information about device [2450012], object_type: binary-value from the server ...
Requesting information about device [2450012], object_type: multi-state-input from the server ...
Requesting information about device [2450012], object_type: multi-state-output from the server ...
Requesting information about device [2450012], object_type: multi-state-value from the server ...
Requesting information about device [2450011], object_type: analog-input from the server ...
Requesting information about device [2450011], object_type: analog-output from the server ...
Requesting information about device [2450011], object_type: analog-value from the server ...
Requesting information about device [2450011], object_type: binary-input from the server ...
Requesting information about device [2450011], object_type: binary-output from the server ...
Requesting information about device [2450011], object_type: binary-value from the server ...
Requesting information about device [2450011], object_type: multi-state-input from the server ...
Requesting information about device [2450011], object_type: multi-state-output from the server ...
Requesting information about device [2450011], object_type: multi-state-value from the server ...
Requesting information about device [2098212], object_type: analog-input from the server ...
Requesting information about device [2098212], object_type: analog-output from the server ...
Requesting information about device [2098212], object_type: analog-value from the server ...
Requesting information about device [2098212], object_type: binary-input from the server ...
Requesting information about device [2098212], object_type: binary-output from the server ...
Requesting information about device [2098212], object_type: binary-value from the server ...
Requesting information about device [2098212], object_type: multi-state-input from the server ...
Requesting information about device [2098212], object_type: multi-state-output from the server ...
Requesting information about device [2098212], object_type: multi-state-value from the server ...
Requesting information about device [2450014], object_type: analog-input from the server ...
Requesting information about device [2450014], object_type: analog-output from the server ...
Requesting information about device [2450014], object_type: analog-value from the server ...
Requesting information about device [2450014], object_type: binary-input from the server ...
Requesting information about device [2450014], object_type: binary-output from the server ...
Requesting information about device [2450014], object_type: binary-value from the server ...
Requesting information about device [2450014], object_type: multi-state-input from the server ...
Requesting information about device [2450014], object_type: multi-state-output from the server ...
Requesting information about device [2450014], object_type: multi-state-value from the server ...
Requesting information about device [2450013], object_type: analog-input from the server ...
Requesting information about device [2450013], object_type: analog-output from the server ...
Requesting information about device [2450013], object_type: analog-value from the server ...
Requesting information about device [2450013], object_type: binary-input from the server ...
Requesting information about device [2450013], object_type: binary-output from the server ...
Requesting information about device [2450013], object_type: binary-value from the server ...
Requesting information about device [2450013], object_type: multi-state-input from the server ...
Requesting information about device [2450013], object_type: multi-state-output from the server ...
Requesting information about device [2450013], object_type: multi-state-value from the server ...
Requesting information about device [2098201], object_type: analog-input from the server ...
Requesting information about device [2098201], object_type: analog-output from the server ...
Requesting information about device [2098201], object_type: analog-value from the server ...
Requesting information about device [2098201], object_type: binary-input from the server ...
Requesting information about device [2098201], object_type: binary-output from the server ...
Requesting information about device [2098201], object_type: binary-value from the server ...
Requesting information about device [2098201], object_type: multi-state-input from the server ...
Requesting information about device [2098201], object_type: multi-state-output from the server ...
Requesting information about device [2098201], object_type: multi-state-value from the server ...
Requesting information about device [2098180], object_type: analog-input from the server ...
Requesting information about device [2098180], object_type: analog-output from the server ...
Requesting information about device [2098180], object_type: analog-value from the server ...
Requesting information about device [2098180], object_type: binary-input from the server ...
Requesting information about device [2098180], object_type: binary-output from the server ...
Requesting information about device [2098180], object_type: binary-value from the server ...
Requesting information about device [2098180], object_type: multi-state-input from the server ...
Requesting information about device [2098180], object_type: multi-state-output from the server ...
Requesting information about device [2098180], object_type: multi-state-value from the server ...
Requesting information about device [2098197], object_type: analog-input from the server ...
Requesting information about device [2098197], object_type: analog-output from the server ...
Requesting information about device [2098197], object_type: analog-value from the server ...
Requesting information about device [2098197], object_type: binary-input from the server ...
Requesting information about device [2098197], object_type: binary-output from the server ...
Requesting information about device [2098197], object_type: binary-value from the server ...
Requesting information about device [2098197], object_type: multi-state-input from the server ...
Requesting information about device [2098197], object_type: multi-state-output from the server ...
Requesting information about device [2098197], object_type: multi-state-value from the server ...
Requesting information about device [2098187], object_type: analog-input from the server ...
Requesting information about device [2098187], object_type: analog-output from the server ...
Requesting information about device [2098187], object_type: analog-value from the server ...
Requesting information about device [2098187], object_type: binary-input from the server ...
Requesting information about device [2098187], object_type: binary-output from the server ...
Requesting information about device [2098187], object_type: binary-value from the server ...
Requesting information about device [2098187], object_type: multi-state-input from the server ...
Requesting information about device [2098187], object_type: multi-state-output from the server ...
Requesting information about device [2098187], object_type: multi-state-value from the server ...
Requesting information about device [2098182], object_type: analog-input from the server ...
Requesting information about device [2098182], object_type: analog-output from the server ...
Requesting information about device [2098182], object_type: analog-value from the server ...
Requesting information about device [2098182], object_type: binary-input from the server ...
Requesting information about device [2098182], object_type: binary-output from the server ...
Requesting information about device [2098182], object_type: binary-value from the server ...
Requesting information about device [2098182], object_type: multi-state-input from the server ...
Requesting information about device [2098182], object_type: multi-state-output from the server ...
Requesting information about device [2098182], object_type: multi-state-value from the server ...
Requesting information about device [2098191], object_type: analog-input from the server ...
Requesting information about device [2098191], object_type: analog-output from the server ...
Requesting information about device [2098191], object_type: analog-value from the server ...
Requesting information about device [2098191], object_type: binary-input from the server ...
Requesting information about device [2098191], object_type: binary-output from the server ...
Requesting information about device [2098191], object_type: binary-value from the server ...
Requesting information about device [2098191], object_type: multi-state-input from the server ...
Requesting information about device [2098191], object_type: multi-state-output from the server ...
Requesting information about device [2098191], object_type: multi-state-value from the server ...
Requesting information about device [2098177], object_type: analog-input from the server ...
Requesting information about device [2098177], object_type: analog-output from the server ...
Requesting information about device [2098177], object_type: analog-value from the server ...
Requesting information about device [2098177], object_type: binary-input from the server ...
Requesting information about device [2098177], object_type: binary-output from the server ...
Requesting information about device [2098177], object_type: binary-value from the server ...
Requesting information about device [2098177], object_type: multi-state-input from the server ...
Requesting information about device [2098177], object_type: multi-state-output from the server ...
Requesting information about device [2098177], object_type: multi-state-value from the server ...
Requesting information about device [2098199], object_type: analog-input from the server ...
Requesting information about device [2098199], object_type: analog-output from the server ...
Requesting information about device [2098199], object_type: analog-value from the server ...
Requesting information about device [2098199], object_type: binary-input from the server ...
Requesting information about device [2098199], object_type: binary-output from the server ...
Requesting information about device [2098199], object_type: binary-value from the server ...
Requesting information about device [2098199], object_type: multi-state-input from the server ...
Requesting information about device [2098199], object_type: multi-state-output from the server ...
Requesting information about device [2098199], object_type: multi-state-value from the server ...
Requesting information about device [2098188], object_type: analog-input from the server ...
Requesting information about device [2098188], object_type: analog-output from the server ...
Requesting information about device [2098188], object_type: analog-value from the server ...
Requesting information about device [2098188], object_type: binary-input from the server ...
Requesting information about device [2098188], object_type: binary-output from the server ...
Requesting information about device [2098188], object_type: binary-value from the server ...
Requesting information about device [2098188], object_type: multi-state-input from the server ...
Requesting information about device [2098188], object_type: multi-state-output from the server ...
Requesting information about device [2098188], object_type: multi-state-value from the server ...
Requesting information about device [2098192], object_type: analog-input from the server ...
Requesting information about device [2098192], object_type: analog-output from the server ...
Requesting information about device [2098192], object_type: analog-value from the server ...
Requesting information about device [2098192], object_type: binary-input from the server ...
Requesting information about device [2098192], object_type: binary-output from the server ...
Requesting information about device [2098192], object_type: binary-value from the server ...
Requesting information about device [2098192], object_type: multi-state-input from the server ...
Requesting information about device [2098192], object_type: multi-state-output from the server ...
Requesting information about device [2098192], object_type: multi-state-value from the server ...
Requesting information about device [2098189], object_type: analog-input from the server ...
Requesting information about device [2098189], object_type: analog-output from the server ...
Requesting information about device [2098189], object_type: analog-value from the server ...
Requesting information about device [2098189], object_type: binary-input from the server ...
Requesting information about device [2098189], object_type: binary-output from the server ...
Requesting information about device [2098189], object_type: binary-value from the server ...
Requesting information about device [2098189], object_type: multi-state-input from the server ...
Requesting information about device [2098189], object_type: multi-state-output from the server ...
Requesting information about device [2098189], object_type: multi-state-value from the server ...
Requesting information about device [2098181], object_type: analog-input from the server ...
Requesting information about device [2098181], object_type: analog-output from the server ...
Requesting information about device [2098181], object_type: analog-value from the server ...
Requesting information about device [2098181], object_type: binary-input from the server ...
Requesting information about device [2098181], object_type: binary-output from the server ...
Requesting information about device [2098181], object_type: binary-value from the server ...
Requesting information about device [2098181], object_type: multi-state-input from the server ...
Requesting information about device [2098181], object_type: multi-state-output from the server ...
Requesting information about device [2098181], object_type: multi-state-value from the server ...
Requesting information about device [2098190], object_type: analog-input from the server ...
Requesting information about device [2098190], object_type: analog-output from the server ...
Requesting information about device [2098190], object_type: analog-value from the server ...
Requesting information about device [2098190], object_type: binary-input from the server ...
Requesting information about device [2098190], object_type: binary-output from the server ...
Requesting information about device [2098190], object_type: binary-value from the server ...
Requesting information about device [2098190], object_type: multi-state-input from the server ...
Requesting information about device [2098190], object_type: multi-state-output from the server ...
Requesting information about device [2098190], object_type: multi-state-value from the server ...
Requesting information about device [2098178], object_type: analog-input from the server ...
Requesting information about device [2098178], object_type: analog-output from the server ...
Requesting information about device [2098178], object_type: analog-value from the server ...
Requesting information about device [2098178], object_type: binary-input from the server ...
Requesting information about device [2098178], object_type: binary-output from the server ...
Requesting information about device [2098178], object_type: binary-value from the server ...
Requesting information about device [2098178], object_type: multi-state-input from the server ...
Requesting information about device [2098178], object_type: multi-state-output from the server ...
Requesting information about device [2098178], object_type: multi-state-value from the server ...
Requesting information about device [2098194], object_type: analog-input from the server ...
Requesting information about device [2098194], object_type: analog-output from the server ...
Requesting information about device [2098194], object_type: analog-value from the server ...
Requesting information about device [2098194], object_type: binary-input from the server ...
Requesting information about device [2098194], object_type: binary-output from the server ...
Requesting information about device [2098194], object_type: binary-value from the server ...
Requesting information about device [2098194], object_type: multi-state-input from the server ...
Requesting information about device [2098194], object_type: multi-state-output from the server ...
Requesting information about device [2098194], object_type: multi-state-value from the server ...
Requesting information about device [2098179], object_type: analog-input from the server ...
Requesting information about device [2098179], object_type: analog-output from the server ...
Requesting information about device [2098179], object_type: analog-value from the server ...
Requesting information about device [2098179], object_type: binary-input from the server ...
Requesting information about device [2098179], object_type: binary-output from the server ...
Requesting information about device [2098179], object_type: binary-value from the server ...
Requesting information about device [2098179], object_type: multi-state-input from the server ...
Requesting information about device [2098179], object_type: multi-state-output from the server ...
Requesting information about device [2098179], object_type: multi-state-value from the server ...
Requesting information about device [2098196], object_type: analog-input from the server ...
Requesting information about device [2098196], object_type: analog-output from the server ...
Requesting information about device [2098196], object_type: analog-value from the server ...
Requesting information about device [2098196], object_type: binary-input from the server ...
Requesting information about device [2098196], object_type: binary-output from the server ...
Requesting information about device [2098196], object_type: binary-value from the server ...
Requesting information about device [2098196], object_type: multi-state-input from the server ...
Requesting information about device [2098196], object_type: multi-state-output from the server ...
Requesting information about device [2098196], object_type: multi-state-value from the server ...
Requesting information about device [2098184], object_type: analog-input from the server ...
Requesting information about device [2098184], object_type: analog-output from the server ...
Requesting information about device [2098184], object_type: analog-value from the server ...
Requesting information about device [2098184], object_type: binary-input from the server ...
Requesting information about device [2098184], object_type: binary-output from the server ...
Requesting information about device [2098184], object_type: binary-value from the server ...
Requesting information about device [2098184], object_type: multi-state-input from the server ...
Requesting information about device [2098184], object_type: multi-state-output from the server ...
Requesting information about device [2098184], object_type: multi-state-value from the server ...
Requesting information about device [2098193], object_type: analog-input from the server ...
Requesting information about device [2098193], object_type: analog-output from the server ...
Requesting information about device [2098193], object_type: analog-value from the server ...
Requesting information about device [2098193], object_type: binary-input from the server ...
Requesting information about device [2098193], object_type: binary-output from the server ...
Requesting information about device [2098193], object_type: binary-value from the server ...
Requesting information about device [2098193], object_type: multi-state-input from the server ...
Requesting information about device [2098193], object_type: multi-state-output from the server ...
Requesting information about device [2098193], object_type: multi-state-value from the server ...
Requesting information about device [2098183], object_type: analog-input from the server ...
Requesting information about device [2098183], object_type: analog-output from the server ...
Requesting information about device [2098183], object_type: analog-value from the server ...
Requesting information about device [2098183], object_type: binary-input from the server ...
Requesting information about device [2098183], object_type: binary-output from the server ...
Requesting information about device [2098183], object_type: binary-value from the server ...
Requesting information about device [2098183], object_type: multi-state-input from the server ...
Requesting information about device [2098183], object_type: multi-state-output from the server ...
Requesting information about device [2098183], object_type: multi-state-value from the server ...
Requesting information about device [2098195], object_type: analog-input from the server ...
Requesting information about device [2098195], object_type: analog-output from the server ...
Requesting information about device [2098195], object_type: analog-value from the server ...
Requesting information about device [2098195], object_type: binary-input from the server ...
Requesting information about device [2098195], object_type: binary-output from the server ...
Requesting information about device [2098195], object_type: binary-value from the server ...
Requesting information about device [2098195], object_type: multi-state-input from the server ...
Requesting information about device [2098195], object_type: multi-state-output from the server ...
Requesting information about device [2098195], object_type: multi-state-value from the server ...
Requesting information about device [2098198], object_type: analog-input from the server ...
Requesting information about device [2098198], object_type: analog-output from the server ...
Requesting information about device [2098198], object_type: analog-value from the server ...
Requesting information about device [2098198], object_type: binary-input from the server ...
Requesting information about device [2098198], object_type: binary-output from the server ...
Requesting information about device [2098198], object_type: binary-value from the server ...
Requesting information about device [2098198], object_type: multi-state-input from the server ...
Requesting information about device [2098198], object_type: multi-state-output from the server ...
Requesting information about device [2098198], object_type: multi-state-value from the server ...
Requesting information about device [2098185], object_type: analog-input from the server ...
Requesting information about device [2098185], object_type: analog-output from the server ...
Requesting information about device [2098185], object_type: analog-value from the server ...
Requesting information about device [2098185], object_type: binary-input from the server ...
Requesting information about device [2098185], object_type: binary-output from the server ...
Requesting information about device [2098185], object_type: binary-value from the server ...
Requesting information about device [2098185], object_type: multi-state-input from the server ...
Requesting information about device [2098185], object_type: multi-state-output from the server ...
Requesting information about device [2098185], object_type: multi-state-value from the server ...
Requesting information about device [220020], object_type: analog-input from the server ...
Requesting information about device [220020], object_type: analog-output from the server ...
Requesting information about device [220020], object_type: analog-value from the server ...
Requesting information about device [220020], object_type: binary-input from the server ...
Requesting information about device [220020], object_type: binary-output from the server ...
Requesting information about device [220020], object_type: binary-value from the server ...
Requesting information about device [220020], object_type: multi-state-input from the server ...
Requesting information about device [220020], object_type: multi-state-output from the server ...
Requesting information about device [220020], object_type: multi-state-value from the server ...
Requesting information about device [220022], object_type: analog-input from the server ...
Requesting information about device [220022], object_type: analog-output from the server ...
Requesting information about device [220022], object_type: analog-value from the server ...
Requesting information about device [220022], object_type: binary-input from the server ...
Requesting information about device [220022], object_type: binary-output from the server ...
Requesting information about device [220022], object_type: binary-value from the server ...
Requesting information about device [220022], object_type: multi-state-input from the server ...
Requesting information about device [220022], object_type: multi-state-output from the server ...
Requesting information about device [220022], object_type: multi-state-value from the server ...
Requesting information about device [220018], object_type: analog-input from the server ...
Requesting information about device [220018], object_type: analog-output from the server ...
Requesting information about device [220018], object_type: analog-value from the server ...
Requesting information about device [220018], object_type: binary-input from the server ...
Requesting information about device [220018], object_type: binary-output from the server ...
Requesting information about device [220018], object_type: binary-value from the server ...
Requesting information about device [220018], object_type: multi-state-input from the server ...
Requesting information about device [220018], object_type: multi-state-output from the server ...
Requesting information about device [220018], object_type: multi-state-value from the server ...
Requesting information about device [220014], object_type: analog-input from the server ...
Requesting information about device [220014], object_type: analog-output from the server ...
Requesting information about device [220014], object_type: analog-value from the server ...
Requesting information about device [220014], object_type: binary-input from the server ...
Requesting information about device [220014], object_type: binary-output from the server ...
Requesting information about device [220014], object_type: binary-value from the server ...
Requesting information about device [220014], object_type: multi-state-input from the server ...
Requesting information about device [220014], object_type: multi-state-output from the server ...
Requesting information about device [220014], object_type: multi-state-value from the server ...
Requesting information about device [220019], object_type: analog-input from the server ...
Requesting information about device [220019], object_type: analog-output from the server ...
Requesting information about device [220019], object_type: analog-value from the server ...
Requesting information about device [220019], object_type: binary-input from the server ...
Requesting information about device [220019], object_type: binary-output from the server ...
Requesting information about device [220019], object_type: binary-value from the server ...
Requesting information about device [220019], object_type: multi-state-input from the server ...
Requesting information about device [220019], object_type: multi-state-output from the server ...
Requesting information about device [220019], object_type: multi-state-value from the server ...
Requesting information about device [220023], object_type: analog-input from the server ...
Requesting information about device [220023], object_type: analog-output from the server ...
Requesting information about device [220023], object_type: analog-value from the server ...
Requesting information about device [220023], object_type: binary-input from the server ...
Requesting information about device [220023], object_type: binary-output from the server ...
Requesting information about device [220023], object_type: binary-value from the server ...
Requesting information about device [220023], object_type: multi-state-input from the server ...
Requesting information about device [220023], object_type: multi-state-output from the server ...
Requesting information about device [220023], object_type: multi-state-value from the server ...
Requesting information about device [220016], object_type: analog-input from the server ...
Requesting information about device [220016], object_type: analog-output from the server ...
Requesting information about device [220016], object_type: analog-value from the server ...
Requesting information about device [220016], object_type: binary-input from the server ...
Requesting information about device [220016], object_type: binary-output from the server ...
Requesting information about device [220016], object_type: binary-value from the server ...
Requesting information about device [220016], object_type: multi-state-input from the server ...
Requesting information about device [220016], object_type: multi-state-output from the server ...
Requesting information about device [220016], object_type: multi-state-value from the server ...
Requesting information about device [220000], object_type: analog-input from the server ...
Requesting information about device [220000], object_type: analog-output from the server ...
Requesting information about device [220000], object_type: analog-value from the server ...
Requesting information about device [220000], object_type: binary-input from the server ...
Requesting information about device [220000], object_type: binary-output from the server ...
Requesting information about device [220000], object_type: binary-value from the server ...
Requesting information about device [220000], object_type: multi-state-input from the server ...
Requesting information about device [220000], object_type: multi-state-output from the server ...
Requesting information about device [220000], object_type: multi-state-value from the server ...
Requesting information about device [220021], object_type: analog-input from the server ...
Requesting information about device [220021], object_type: analog-output from the server ...
Requesting information about device [220021], object_type: analog-value from the server ...
Requesting information about device [220021], object_type: binary-input from the server ...
Requesting information about device [220021], object_type: binary-output from the server ...
Requesting information about device [220021], object_type: binary-value from the server ...
Requesting information about device [220021], object_type: multi-state-input from the server ...
Requesting information about device [220021], object_type: multi-state-output from the server ...
Requesting information about device [220021], object_type: multi-state-value from the server ...
Requesting information about device [220011], object_type: analog-input from the server ...
Requesting information about device [220011], object_type: analog-output from the server ...
Requesting information about device [220011], object_type: analog-value from the server ...
Requesting information about device [220011], object_type: binary-input from the server ...
Requesting information about device [220011], object_type: binary-output from the server ...
Requesting information about device [220011], object_type: binary-value from the server ...
Requesting information about device [220011], object_type: multi-state-input from the server ...
Requesting information about device [220011], object_type: multi-state-output from the server ...
Requesting information about device [220011], object_type: multi-state-value from the server ...
Requesting information about device [220008], object_type: analog-input from the server ...
Requesting information about device [220008], object_type: analog-output from the server ...
Requesting information about device [220008], object_type: analog-value from the server ...
Requesting information about device [220008], object_type: binary-input from the server ...
Requesting information about device [220008], object_type: binary-output from the server ...
Requesting information about device [220008], object_type: binary-value from the server ...
Requesting information about device [220008], object_type: multi-state-input from the server ...
Requesting information about device [220008], object_type: multi-state-output from the server ...
Requesting information about device [220008], object_type: multi-state-value from the server ...
Requesting information about device [220004], object_type: analog-input from the server ...
Requesting information about device [220004], object_type: analog-output from the server ...
Requesting information about device [220004], object_type: analog-value from the server ...
Requesting information about device [220004], object_type: binary-input from the server ...
Requesting information about device [220004], object_type: binary-output from the server ...
Requesting information about device [220004], object_type: binary-value from the server ...
Requesting information about device [220004], object_type: multi-state-input from the server ...
Requesting information about device [220004], object_type: multi-state-output from the server ...
Requesting information about device [220004], object_type: multi-state-value from the server ...
Requesting information about device [220006], object_type: analog-input from the server ...
Requesting information about device [220006], object_type: analog-output from the server ...
Requesting information about device [220006], object_type: analog-value from the server ...
Requesting information about device [220006], object_type: binary-input from the server ...
Requesting information about device [220006], object_type: binary-output from the server ...
Requesting information about device [220006], object_type: binary-value from the server ...
Requesting information about device [220006], object_type: multi-state-input from the server ...
Requesting information about device [220006], object_type: multi-state-output from the server ...
Requesting information about device [220006], object_type: multi-state-value from the server ...
Requesting information about device [220009], object_type: analog-input from the server ...
Requesting information about device [220009], object_type: analog-output from the server ...
Requesting information about device [220009], object_type: analog-value from the server ...
Requesting information about device [220009], object_type: binary-input from the server ...
Requesting information about device [220009], object_type: binary-output from the server ...
Requesting information about device [220009], object_type: binary-value from the server ...
Requesting information about device [220009], object_type: multi-state-input from the server ...
Requesting information about device [220009], object_type: multi-state-output from the server ...
Requesting information about device [220009], object_type: multi-state-value from the server ...
Requesting information about device [220005], object_type: analog-input from the server ...
Requesting information about device [220005], object_type: analog-output from the server ...
Requesting information about device [220005], object_type: analog-value from the server ...
Requesting information about device [220005], object_type: binary-input from the server ...
Requesting information about device [220005], object_type: binary-output from the server ...
Requesting information about device [220005], object_type: binary-value from the server ...
Requesting information about device [220005], object_type: multi-state-input from the server ...
Requesting information about device [220005], object_type: multi-state-output from the server ...
Requesting information about device [220005], object_type: multi-state-value from the server ...
Requesting information about device [220012], object_type: analog-input from the server ...
Requesting information about device [220012], object_type: analog-output from the server ...
Requesting information about device [220012], object_type: analog-value from the server ...
Requesting information about device [220012], object_type: binary-input from the server ...
Requesting information about device [220012], object_type: binary-output from the server ...
Requesting information about device [220012], object_type: binary-value from the server ...
Requesting information about device [220012], object_type: multi-state-input from the server ...
Requesting information about device [220012], object_type: multi-state-output from the server ...
Requesting information about device [220012], object_type: multi-state-value from the server ...
Requesting information about device [220010], object_type: analog-input from the server ...
Requesting information about device [220010], object_type: analog-output from the server ...
Requesting information about device [220010], object_type: analog-value from the server ...
Requesting information about device [220010], object_type: binary-input from the server ...
Requesting information about device [220010], object_type: binary-output from the server ...
Requesting information about device [220010], object_type: binary-value from the server ...
Requesting information about device [220010], object_type: multi-state-input from the server ...
Requesting information about device [220010], object_type: multi-state-output from the server ...
Requesting information about device [220010], object_type: multi-state-value from the server ...
Requesting information about device [220001], object_type: analog-input from the server ...
Requesting information about device [220001], object_type: analog-output from the server ...
Requesting information about device [220001], object_type: analog-value from the server ...
Requesting information about device [220001], object_type: binary-input from the server ...
Requesting information about device [220001], object_type: binary-output from the server ...
Requesting information about device [220001], object_type: binary-value from the server ...
Requesting information about device [220001], object_type: multi-state-input from the server ...
Requesting information about device [220001], object_type: multi-state-output from the server ...
Requesting information about device [220001], object_type: multi-state-value from the server ...
Requesting information about device [220003], object_type: analog-input from the server ...
Requesting information about device [220003], object_type: analog-output from the server ...
Requesting information about device [220003], object_type: analog-value from the server ...
Requesting information about device [220003], object_type: binary-input from the server ...
Requesting information about device [220003], object_type: binary-output from the server ...
Requesting information about device [220003], object_type: binary-value from the server ...
Requesting information about device [220003], object_type: multi-state-input from the server ...
Requesting information about device [220003], object_type: multi-state-output from the server ...
Requesting information about device [220003], object_type: multi-state-value from the server ...
Requesting information about device [220002], object_type: analog-input from the server ...
Requesting information about device [220002], object_type: analog-output from the server ...
Requesting information about device [220002], object_type: analog-value from the server ...
Requesting information about device [220002], object_type: binary-input from the server ...
Requesting information about device [220002], object_type: binary-output from the server ...
Requesting information about device [220002], object_type: binary-value from the server ...
Requesting information about device [220002], object_type: multi-state-input from the server ...
Requesting information about device [220002], object_type: multi-state-output from the server ...
Requesting information about device [220002], object_type: multi-state-value from the server ...
Requesting information about device [67], object_type: analog-input from the server ...
Requesting information about device [67], object_type: analog-output from the server ...
Requesting information about device [67], object_type: analog-value from the server ...
Requesting information about device [67], object_type: binary-input from the server ...
Requesting information about device [67], object_type: binary-output from the server ...
Requesting information about device [67], object_type: binary-value from the server ...
Requesting information about device [67], object_type: multi-state-input from the server ...
Requesting information about device [67], object_type: multi-state-output from the server ...
Requesting information about device [67], object_type: multi-state-value from the server ...
Requesting information about device [220015], object_type: analog-input from the server ...
Requesting information about device [220015], object_type: analog-output from the server ...
Requesting information about device [220015], object_type: analog-value from the server ...
Requesting information about device [220015], object_type: binary-input from the server ...
Requesting information about device [220015], object_type: binary-output from the server ...
Requesting information about device [220015], object_type: binary-value from the server ...
Requesting information about device [220015], object_type: multi-state-input from the server ...
Requesting information about device [220015], object_type: multi-state-output from the server ...
Requesting information about device [220015], object_type: multi-state-value from the server ...
Requesting information about device [220013], object_type: analog-input from the server ...
Requesting information about device [220013], object_type: analog-output from the server ...
Requesting information about device [220013], object_type: analog-value from the server ...
Requesting information about device [220013], object_type: binary-input from the server ...
Requesting information about device [220013], object_type: binary-output from the server ...
Requesting information about device [220013], object_type: binary-value from the server ...
Requesting information about device [220013], object_type: multi-state-input from the server ...
Requesting information about device [220013], object_type: multi-state-output from the server ...
Requesting information about device [220013], object_type: multi-state-value from the server ...
Requesting information about device [400], object_type: analog-input from the server ...
Requesting information about device [400], object_type: analog-output from the server ...
Requesting information about device [400], object_type: analog-value from the server ...
Requesting information about device [400], object_type: binary-input from the server ...
Requesting information about device [400], object_type: binary-output from the server ...
Requesting information about device [400], object_type: binary-value from the server ...
Requesting information about device [400], object_type: multi-state-input from the server ...
Requesting information about device [400], object_type: multi-state-output from the server ...
Requesting information about device [400], object_type: multi-state-value from the server ...
Requesting information about device [600], object_type: analog-input from the server ...
Requesting information about device [600], object_type: analog-output from the server ...
Requesting information about device [600], object_type: analog-value from the server ...
Requesting information about device [600], object_type: binary-input from the server ...
Requesting information about device [600], object_type: binary-output from the server ...
Requesting information about device [600], object_type: binary-value from the server ...
Requesting information about device [600], object_type: multi-state-input from the server ...
Requesting information about device [600], object_type: multi-state-output from the server ...
Requesting information about device [600], object_type: multi-state-value from the server ...
Requesting information about device [300], object_type: analog-input from the server ...
Requesting information about device [300], object_type: analog-output from the server ...
Requesting information about device [300], object_type: analog-value from the server ...
Requesting information about device [300], object_type: binary-input from the server ...
Requesting information about device [300], object_type: binary-output from the server ...
Requesting information about device [300], object_type: binary-value from the server ...
Requesting information about device [300], object_type: multi-state-input from the server ...
Requesting information about device [300], object_type: multi-state-output from the server ...
Requesting information about device [300], object_type: multi-state-value from the server ...
Requesting information about device [800], object_type: analog-input from the server ...
Requesting information about device [800], object_type: analog-output from the server ...
Requesting information about device [800], object_type: analog-value from the server ...
Requesting information about device [800], object_type: binary-input from the server ...
Requesting information about device [800], object_type: binary-output from the server ...
Requesting information about device [800], object_type: binary-value from the server ...
Requesting information about device [800], object_type: multi-state-input from the server ...
Requesting information about device [800], object_type: multi-state-output from the server ...
Requesting information about device [800], object_type: multi-state-value from the server ...
Requesting information about device [200], object_type: analog-input from the server ...
Requesting information about device [200], object_type: analog-output from the server ...
Requesting information about device [200], object_type: analog-value from the server ...
Requesting information about device [200], object_type: binary-input from the server ...
Requesting information about device [200], object_type: binary-output from the server ...
Requesting information about device [200], object_type: binary-value from the server ...
Requesting information about device [200], object_type: multi-state-input from the server ...
Requesting information about device [200], object_type: multi-state-output from the server ...
Requesting information about device [200], object_type: multi-state-value from the server ...
Requesting information about device [500], object_type: analog-input from the server ...
Requesting information about device [500], object_type: analog-output from the server ...
Requesting information about device [500], object_type: analog-value from the server ...
Requesting information about device [500], object_type: binary-input from the server ...
Requesting information about device [500], object_type: binary-output from the server ...
Requesting information about device [500], object_type: binary-value from the server ...
Requesting information about device [500], object_type: multi-state-input from the server ...
Requesting information about device [500], object_type: multi-state-output from the server ...
Requesting information about device [500], object_type: multi-state-value from the server ...
Requesting information about device [110], object_type: analog-input from the server ...
Requesting information about device [110], object_type: analog-output from the server ...
Requesting information about device [110], object_type: analog-value from the server ...
Requesting information about device [110], object_type: binary-input from the server ...
Requesting information about device [110], object_type: binary-output from the server ...
Requesting information about device [110], object_type: binary-value from the server ...
Requesting information about device [110], object_type: multi-state-input from the server ...
Requesting information about device [110], object_type: multi-state-output from the server ...
Requesting information about device [110], object_type: multi-state-value from the server ...
Requesting information about device [1000], object_type: analog-input from the server ...
Requesting information about device [1000], object_type: analog-output from the server ...
Requesting information about device [1000], object_type: analog-value from the server ...
Requesting information about device [1000], object_type: binary-input from the server ...
Requesting information about device [1000], object_type: binary-output from the server ...
Requesting information about device [1000], object_type: binary-value from the server ...
Requesting information about device [1000], object_type: multi-state-input from the server ...
Requesting information about device [1000], object_type: multi-state-output from the server ...
Requesting information about device [1000], object_type: multi-state-value from the server ...
Requesting information about device [3638739], object_type: analog-input from the server ...
Requesting information about device [3638739], object_type: analog-output from the server ...
Requesting information about device [3638739], object_type: analog-value from the server ...
Requesting information about device [3638739], object_type: binary-input from the server ...
Requesting information about device [3638739], object_type: binary-output from the server ...
Requesting information about device [3638739], object_type: binary-value from the server ...
Requesting information about device [3638739], object_type: multi-state-input from the server ...
Requesting information about device [3638739], object_type: multi-state-output from the server ...
Requesting information about device [3638739], object_type: multi-state-value from the server ...
Requesting information about device [3641436], object_type: analog-input from the server ...
Requesting information about device [3641436], object_type: analog-output from the server ...
Requesting information about device [3641436], object_type: analog-value from the server ...
Requesting information about device [3641436], object_type: binary-input from the server ...
Requesting information about device [3641436], object_type: binary-output from the server ...
Requesting information about device [3641436], object_type: binary-value from the server ...
Requesting information about device [3641436], object_type: multi-state-input from the server ...
Requesting information about device [3641436], object_type: multi-state-output from the server ...
Requesting information about device [3641436], object_type: multi-state-value from the server ...
Requesting information about device [3631602], object_type: analog-input from the server ...
Requesting information about device [3631602], object_type: analog-output from the server ...
Requesting information about device [3631602], object_type: analog-value from the server ...
Requesting information about device [3631602], object_type: binary-input from the server ...
Requesting information about device [3631602], object_type: binary-output from the server ...
Requesting information about device [3631602], object_type: binary-value from the server ...
Requesting information about device [3631602], object_type: multi-state-input from the server ...
Requesting information about device [3631602], object_type: multi-state-output from the server ...
Requesting information about device [3631602], object_type: multi-state-value from the server ...
